Reading data file /home/runner/work/raccoon/raccoon/gh-pages/coverage/coverage.info
Found 59 entries.
Found common filename prefix "/home/runner/work/raccoon/raccoon"
Writing .css and .png files.
Generating output.
Processing file src/main.C
Processing file src/auxkernels/ConditionalBoundsAux.C
Processing file src/base/raccoonApp.C
Processing file src/bcs/ModeISurfingDirichletBC.C
Processing file src/bcs/LoadingUnloadingDirichletBC.C
Processing file src/ics/DamageICBase.C
Processing file src/ics/BrittleDamageIC.C
Processing file src/ics/CohesiveDamageIC.C
Processing file src/interfaces/BaseNameInterface.C
Processing file src/kernels/ADCoefMatDiffusion.C
Processing file src/kernels/ADPressurizedCrack.C
Processing file src/kernels/ADCoefMatSource.C
Processing file src/kernels/ADCoefMatReaction.C
Processing file src/kernels/ADPFFDiffusion.C
Processing file src/kernels/ADPFFSource.C
Processing file src/kernels/ADPFFPressure.C
Processing file src/materials/ComputeThermalExpansionEigenDeformationGradient.C
Processing file src/materials/ArrheniusLaw.C
Processing file src/materials/ComputeEigenstrainFromFunctionInitialStress.C
Processing file src/materials/ThinFilmInterfaceEnergyDensity.C
Processing file src/materials/CrackSurfaceDensity.C
Processing file src/materials/PressureDensity.C
Processing file src/materials/hardening_models/ExponentialHardening.C
Processing file src/materials/hardening_models/LinearHardening.C
Processing file src/materials/hardening_models/JohnsonCookHardening.C
Processing file src/materials/hardening_models/ArrheniusLawHardening.C
Processing file src/materials/hardening_models/PowerLawHardening.C
Processing file src/materials/hardening_models/PlasticHardeningModel.C
Processing file src/materials/large_deformation_models/LargeDeformationElasticityModel.C
Processing file src/materials/large_deformation_models/HenckyIsotropicElasticity.C
Processing file src/materials/large_deformation_models/ComputeLargeDeformationStress.C
Processing file src/materials/large_deformation_models/LargeDeformationJ2PowerLawCreep.C
Processing file src/materials/large_deformation_models/LargeDeformationNewtonianViscosity.C
Processing file src/materials/large_deformation_models/LargeDeformationPlasticityModel.C
Processing file src/materials/large_deformation_models/CNHIsotropicElasticity.C
Processing file src/materials/large_deformation_models/LargeDeformationViscoelasticityModel.C
Processing file src/materials/large_deformation_models/LargeDeformationJ2Plasticity.C
Processing file src/materials/large_deformation_models/ComputeDeformationGradient.C
Processing file src/materials/nucleation_models/KLBFNucleationMicroForce.C
Processing file src/materials/nucleation_models/KLRNucleationMicroForce.C
Processing file src/materials/nucleation_models/NucleationMicroForceBase.C
Processing file src/materials/nucleation_models/LDLNucleationMicroForce.C
Processing file src/materials/pff_constitutive_functions/PowerDegradationFunction.C
Processing file src/materials/pff_constitutive_functions/CustomParsedFunctionBase.C
Processing file src/materials/pff_constitutive_functions/NoDegradation.C
Processing file src/materials/pff_constitutive_functions/DegradationFunctionBase.C
Processing file src/materials/pff_constitutive_functions/CrackGeometricFunction.C
Processing file src/materials/pff_constitutive_functions/RationalDegradationFunction.C
Processing file src/materials/small_deformation_models/SmallDeformationIsotropicElasticity.C
Processing file src/materials/small_deformation_models/SmallDeformationJ2Plasticity.C
Processing file src/materials/small_deformation_models/SmallDeformationElasticityModel.C
Processing file src/materials/small_deformation_models/SmallDeformationPlasticityModel.C
Processing file src/materials/small_deformation_models/ComputeSmallDeformationStress.C
Processing file src/postprocessors/PhaseFieldJIntegral.C
Processing file src/postprocessors/KineticEnergy.C
Processing file src/postprocessors/ExternalWork.C
Processing file src/postprocessors/LargeDeformationJIntegral.C
Processing file src/postprocessors/SolutionChangeNorm.C
Processing file src/utils/RaccoonUtils.C
Writing directory view page.
Overall coverage rate:
  lines......: 81.2% (1500 of 1847 lines)
  functions..: 84.3% (194 of 230 functions)
